<?xml version="1.0" encoding="UTF-8"?>
<!-- Generated by org.testng.reporters.JUnitXMLReporter -->
<testsuite ignored="4" hostname="DESKTOP-23AUUVO" failures="0" tests="4" name="Test2" time="0.022" errors="0" timestamp="2021-11-25T06:34:03 IST">
  <testcase classname="com.test.MyTestClass1" name="myTestMethod1" time="0.001"/>
  <testcase classname="com.test.MyTestClass1" name="myTestMethod2" time="0.001"/>
  <testcase classname="com.test.MyTestClass2" name="myTestMethod3" time="0.001"/>
  <testcase classname="com.test.MyTestClass2" name="myTestMethod4" time="0.001"/>
  <testcase classname="com.test.testngAnnotations" name="@BeforeTest beforeTest" time="0.0">
    <ignored/>
  </testcase> <!-- @BeforeTest beforeTest -->
  <testcase classname="com.test.testngAnnotations" name="@AfterTest afterTest" time="0.0">
    <ignored/>
  </testcase> <!-- @AfterTest afterTest -->
  <testcase classname="com.test.testngAnnotations" name="@AfterSuite afterSuite" time="0.0">
    <ignored/>
  </testcase> <!-- @AfterSuite afterSuite -->
  <testcase classname="com.test.testngAnnotations" name="@BeforeSuite beforeSuite" time="0.0">
    <ignored/>
  </testcase> <!-- @BeforeSuite beforeSuite -->
</testsuite> <!-- Test2 -->
