<?xml version="1.0" encoding="UTF-8"?>
<testng-results ignored="4" total="10" passed="6" failed="0" skipped="0">
  <reporter-output>
  </reporter-output>
  <suite started-at="2021-11-25T06:34:03 IST" name="Suite" finished-at="2021-11-25T06:34:03 IST" duration-ms="148">
    <groups>
    </groups>
    <test started-at="2021-11-25T06:34:03 IST" name="Test1" finished-at="2021-11-25T06:34:03 IST" duration-ms="56">
      <class name="com.test.MyTestClass2">
        <test-method is-config="true" signature="beforeTest()[pri:0, instance:com.test.MyTestClass2@662ac478]" started-at="2021-11-25T06:34:03 IST" name="beforeTest" finished-at="2021-11-25T06:34:03 IST" duration-ms="0" status="PASS">
          <reporter-output>
          </reporter-output>
        </test-method> <!-- beforeTest -->
        <test-method is-config="true" signature="beforeClass()[pri:0, instance:com.test.MyTestClass2@662ac478]" started-at="2021-11-25T06:34:03 IST" name="beforeClass" finished-at="2021-11-25T06:34:03 IST" duration-ms="0" status="PASS">
          <reporter-output>
          </reporter-output>
        </test-method> <!-- beforeClass -->
        <test-method is-config="true" signature="beforeMethod()[pri:0, instance:com.test.MyTestClass2@662ac478]" started-at="2021-11-25T06:34:03 IST" name="beforeMethod" finished-at="2021-11-25T06:34:03 IST" duration-ms="0" status="PASS">
          <reporter-output>
          </reporter-output>
        </test-method> <!-- beforeMethod -->
        <test-method signature="myTestMethod3()[pri:0, instance:com.test.MyTestClass2@662ac478]" started-at="2021-11-25T06:34:03 IST" name="myTestMethod3" finished-at="2021-11-25T06:34:03 IST" duration-ms="6" status="PASS">
          <reporter-output>
          </reporter-output>
        </test-method> <!-- myTestMethod3 -->
        <test-method is-config="true" signature="afterMethod()[pri:0, instance:com.test.MyTestClass2@662ac478]" started-at="2021-11-25T06:34:03 IST" name="afterMethod" finished-at="2021-11-25T06:34:03 IST" duration-ms="0" status="PASS">
          <reporter-output>
          </reporter-output>
        </test-method> <!-- afterMethod -->
        <test-method signature="myTestMethod4()[pri:0, instance:com.test.MyTestClass2@662ac478]" started-at="2021-11-25T06:34:03 IST" name="myTestMethod4" finished-at="2021-11-25T06:34:03 IST" duration-ms="2" status="PASS">
          <reporter-output>
          </reporter-output>
        </test-method> <!-- myTestMethod4 -->
        <test-method is-config="true" signature="beforeMethod()[pri:0, instance:com.test.MyTestClass2@662ac478]" started-at="2021-11-25T06:34:03 IST" name="beforeMethod" finished-at="2021-11-25T06:34:03 IST" duration-ms="0" status="PASS">
          <reporter-output>
          </reporter-output>
        </test-method> <!-- beforeMethod -->
        <test-method is-config="true" signature="afterMethod()[pri:0, instance:com.test.MyTestClass2@662ac478]" started-at="2021-11-25T06:34:03 IST" name="afterMethod" finished-at="2021-11-25T06:34:03 IST" duration-ms="1" status="PASS">
          <reporter-output>
          </reporter-output>
        </test-method> <!-- afterMethod -->
        <test-method is-config="true" signature="afterClass()[pri:0, instance:com.test.MyTestClass2@662ac478]" started-at="2021-11-25T06:34:03 IST" name="afterClass" finished-at="2021-11-25T06:34:03 IST" duration-ms="0" status="PASS">
          <reporter-output>
          </reporter-output>
        </test-method> <!-- afterClass -->
        <test-method is-config="true" signature="afterTest()[pri:0, instance:com.test.MyTestClass2@662ac478]" started-at="2021-11-25T06:34:03 IST" name="afterTest" finished-at="2021-11-25T06:34:03 IST" duration-ms="0" status="PASS">
          <reporter-output>
          </reporter-output>
        </test-method> <!-- afterTest -->
      </class> <!-- com.test.MyTestClass2 -->
    </test> <!-- Test1 -->
    <test started-at="2021-11-25T06:34:03 IST" name="Test2" finished-at="2021-11-25T06:34:03 IST" duration-ms="22">
      <class name="com.test.MyTestClass1">
        <test-method is-config="true" signature="beforeSuite()[pri:0, instance:com.test.MyTestClass1@7d20d0b]" started-at="2021-11-25T06:34:03 IST" name="beforeSuite" finished-at="2021-11-25T06:34:03 IST" duration-ms="8" status="PASS">
          <reporter-output>
          </reporter-output>
        </test-method> <!-- beforeSuite -->
        <test-method is-config="true" signature="beforeTest()[pri:0, instance:com.test.MyTestClass1@7d20d0b]" started-at="2021-11-25T06:34:03 IST" name="beforeTest" finished-at="2021-11-25T06:34:03 IST" duration-ms="0" status="PASS">
          <reporter-output>
          </reporter-output>
        </test-method> <!-- beforeTest -->
        <test-method is-config="true" signature="beforeClass()[pri:0, instance:com.test.MyTestClass1@7d20d0b]" started-at="2021-11-25T06:34:03 IST" name="beforeClass" finished-at="2021-11-25T06:34:03 IST" duration-ms="0" status="PASS">
          <reporter-output>
          </reporter-output>
        </test-method> <!-- beforeClass -->
        <test-method is-config="true" signature="beforeMethod()[pri:0, instance:com.test.MyTestClass1@7d20d0b]" started-at="2021-11-25T06:34:03 IST" name="beforeMethod" finished-at="2021-11-25T06:34:03 IST" duration-ms="0" status="PASS">
          <reporter-output>
          </reporter-output>
        </test-method> <!-- beforeMethod -->
        <test-method signature="myTestMethod1()[pri:0, instance:com.test.MyTestClass1@7d20d0b]" started-at="2021-11-25T06:34:03 IST" name="myTestMethod1" finished-at="2021-11-25T06:34:03 IST" duration-ms="1" status="PASS">
          <reporter-output>
          </reporter-output>
        </test-method> <!-- myTestMethod1 -->
        <test-method is-config="true" signature="beforeMethod()[pri:0, instance:com.test.MyTestClass1@7d20d0b]" started-at="2021-11-25T06:34:03 IST" name="beforeMethod" finished-at="2021-11-25T06:34:03 IST" duration-ms="1" status="PASS">
          <reporter-output>
          </reporter-output>
        </test-method> <!-- beforeMethod -->
        <test-method is-config="true" signature="afterMethod()[pri:0, instance:com.test.MyTestClass1@7d20d0b]" started-at="2021-11-25T06:34:03 IST" name="afterMethod" finished-at="2021-11-25T06:34:03 IST" duration-ms="0" status="PASS">
          <reporter-output>
          </reporter-output>
        </test-method> <!-- afterMethod -->
        <test-method signature="myTestMethod2()[pri:0, instance:com.test.MyTestClass1@7d20d0b]" started-at="2021-11-25T06:34:03 IST" name="myTestMethod2" finished-at="2021-11-25T06:34:03 IST" duration-ms="1" status="PASS">
          <reporter-output>
          </reporter-output>
        </test-method> <!-- myTestMethod2 -->
        <test-method is-config="true" signature="afterClass()[pri:0, instance:com.test.MyTestClass1@7d20d0b]" started-at="2021-11-25T06:34:03 IST" name="afterClass" finished-at="2021-11-25T06:34:03 IST" duration-ms="1" status="PASS">
          <reporter-output>
          </reporter-output>
        </test-method> <!-- afterClass -->
        <test-method is-config="true" signature="afterMethod()[pri:0, instance:com.test.MyTestClass1@7d20d0b]" started-at="2021-11-25T06:34:03 IST" name="afterMethod" finished-at="2021-11-25T06:34:03 IST" duration-ms="0" status="PASS">
          <reporter-output>
          </reporter-output>
        </test-method> <!-- afterMethod -->
        <test-method is-config="true" signature="afterTest()[pri:0, instance:com.test.MyTestClass1@7d20d0b]" started-at="2021-11-25T06:34:03 IST" name="afterTest" finished-at="2021-11-25T06:34:03 IST" duration-ms="0" status="PASS">
          <reporter-output>
          </reporter-output>
        </test-method> <!-- afterTest -->
        <test-method is-config="true" signature="afterSuite()[pri:0, instance:com.test.MyTestClass1@7d20d0b]" started-at="2021-11-25T06:34:03 IST" name="afterSuite" finished-at="2021-11-25T06:34:03 IST" duration-ms="0" status="PASS">
          <reporter-output>
          </reporter-output>
        </test-method> <!-- afterSuite -->
      </class> <!-- com.test.MyTestClass1 -->
      <class name="com.test.MyTestClass2">
        <test-method is-config="true" signature="beforeClass()[pri:0, instance:com.test.MyTestClass2@77f1baf5]" started-at="2021-11-25T06:34:03 IST" name="beforeClass" finished-at="2021-11-25T06:34:03 IST" duration-ms="0" status="PASS">
          <reporter-output>
          </reporter-output>
        </test-method> <!-- beforeClass -->
        <test-method is-config="true" signature="beforeMethod()[pri:0, instance:com.test.MyTestClass2@77f1baf5]" started-at="2021-11-25T06:34:03 IST" name="beforeMethod" finished-at="2021-11-25T06:34:03 IST" duration-ms="0" status="PASS">
          <reporter-output>
          </reporter-output>
        </test-method> <!-- beforeMethod -->
        <test-method signature="myTestMethod3()[pri:0, instance:com.test.MyTestClass2@77f1baf5]" started-at="2021-11-25T06:34:03 IST" name="myTestMethod3" finished-at="2021-11-25T06:34:03 IST" duration-ms="1" status="PASS">
          <reporter-output>
          </reporter-output>
        </test-method> <!-- myTestMethod3 -->
        <test-method is-config="true" signature="afterMethod()[pri:0, instance:com.test.MyTestClass2@77f1baf5]" started-at="2021-11-25T06:34:03 IST" name="afterMethod" finished-at="2021-11-25T06:34:03 IST" duration-ms="1" status="PASS">
          <reporter-output>
          </reporter-output>
        </test-method> <!-- afterMethod -->
        <test-method is-config="true" signature="beforeMethod()[pri:0, instance:com.test.MyTestClass2@77f1baf5]" started-at="2021-11-25T06:34:03 IST" name="beforeMethod" finished-at="2021-11-25T06:34:03 IST" duration-ms="1" status="PASS">
          <reporter-output>
          </reporter-output>
        </test-method> <!-- beforeMethod -->
        <test-method signature="myTestMethod4()[pri:0, instance:com.test.MyTestClass2@77f1baf5]" started-at="2021-11-25T06:34:03 IST" name="myTestMethod4" finished-at="2021-11-25T06:34:03 IST" duration-ms="1" status="PASS">
          <reporter-output>
          </reporter-output>
        </test-method> <!-- myTestMethod4 -->
        <test-method is-config="true" signature="afterMethod()[pri:0, instance:com.test.MyTestClass2@77f1baf5]" started-at="2021-11-25T06:34:03 IST" name="afterMethod" finished-at="2021-11-25T06:34:03 IST" duration-ms="1" status="PASS">
          <reporter-output>
          </reporter-output>
        </test-method> <!-- afterMethod -->
        <test-method is-config="true" signature="afterClass()[pri:0, instance:com.test.MyTestClass2@77f1baf5]" started-at="2021-11-25T06:34:03 IST" name="afterClass" finished-at="2021-11-25T06:34:03 IST" duration-ms="1" status="PASS">
          <reporter-output>
          </reporter-output>
        </test-method> <!-- afterClass -->
      </class> <!-- com.test.MyTestClass2 -->
    </test> <!-- Test2 -->
  </suite> <!-- Suite -->
</testng-results>
